2019-09-17 15:53:47,774 INFO org.springframework.data.repository.config.RepositoryConfigurationDelegate [main] Multiple Spring Data modules found, entering strict repository configuration mode!
2019-09-17 15:53:47,774 INFO org.springframework.data.repository.config.RepositoryConfigurationDelegate [main] Bootstrapping Spring Data repositories in DEFAULT mode.
2019-09-17 15:53:47,828 INFO org.springframework.data.repository.config.RepositoryConfigurationDelegate [main] Finished Spring Data repository scanning in 38ms. Found 0 repository interfaces.
2019-09-17 15:53:47,843 INFO org.springframework.data.repository.config.RepositoryConfigurationDelegate [main] Multiple Spring Data modules found, entering strict repository configuration mode!
2019-09-17 15:53:47,849 INFO org.springframework.data.repository.config.RepositoryConfigurationDelegate [main] Bootstrapping Spring Data repositories in DEFAULT mode.
2019-09-17 15:53:47,865 INFO org.springframework.data.repository.config.RepositoryConfigurationDelegate [main] Finished Spring Data repository scanning in 16ms. Found 0 repository interfaces.
2019-09-17 15:53:48,538 INFO org.springframework.context.support.PostProcessorRegistrationDelegate$BeanPostProcessorChecker [main] Bean 'org.springframework.transaction.annotation.ProxyTransactionManagementConfiguration' of type [org.springframework.transaction.annotation.ProxyTransactionManagementConfiguration$$EnhancerBySpringCGLIB$$2e69a0c0] is not eligible for getting processed by all BeanPostProcessors (for example: not eligible for auto-proxying)
2019-09-17 15:53:49,684 INFO org.springframework.boot.web.embedded.tomcat.TomcatWebServer [main] Tomcat initialized with port(s): 8080 (http)
2019-09-17 15:53:50,048 INFO org.springframework.web.context.ContextLoader [main] Root WebApplicationContext: initialization completed in 3830 ms
2019-09-17 15:53:50,380 DEBUG com.zaxxer.hikari.HikariConfig [main] Driver class com.microsoft.sqlserver.jdbc.SQLServerDriver found in Thread context class loader sun.misc.Launcher$AppClassLoader@18b4aac2
2019-09-17 15:53:50,564 DEBUG com.zaxxer.hikari.HikariConfig [main] HikariPool-1 - configuration:
2019-09-17 15:53:50,564 DEBUG com.zaxxer.hikari.HikariConfig [main] allowPoolSuspension.............false
2019-09-17 15:53:50,564 DEBUG com.zaxxer.hikari.HikariConfig [main] autoCommit......................true
2019-09-17 15:53:50,564 DEBUG com.zaxxer.hikari.HikariConfig [main] catalog.........................none
2019-09-17 15:53:50,564 DEBUG com.zaxxer.hikari.HikariConfig [main] connectionInitSql...............none
2019-09-17 15:53:50,564 DEBUG com.zaxxer.hikari.HikariConfig [main] connectionTestQuery.............none
2019-09-17 15:53:50,564 DEBUG com.zaxxer.hikari.HikariConfig [main] connectionTimeout...............20000
2019-09-17 15:53:50,564 DEBUG com.zaxxer.hikari.HikariConfig [main] dataSource......................none
2019-09-17 15:53:50,564 DEBUG com.zaxxer.hikari.HikariConfig [main] dataSourceClassName.............none
2019-09-17 15:53:50,564 DEBUG com.zaxxer.hikari.HikariConfig [main] dataSourceJNDI..................none
2019-09-17 15:53:50,564 DEBUG com.zaxxer.hikari.HikariConfig [main] dataSourceProperties............{password=<masked>}
2019-09-17 15:53:50,564 DEBUG com.zaxxer.hikari.HikariConfig [main] driverClassName................."com.microsoft.sqlserver.jdbc.SQLServerDriver"
2019-09-17 15:53:50,564 DEBUG com.zaxxer.hikari.HikariConfig [main] healthCheckProperties...........{}
2019-09-17 15:53:50,564 DEBUG com.zaxxer.hikari.HikariConfig [main] healthCheckRegistry.............none
2019-09-17 15:53:50,564 DEBUG com.zaxxer.hikari.HikariConfig [main] idleTimeout.....................600000
2019-09-17 15:53:50,564 DEBUG com.zaxxer.hikari.HikariConfig [main] initializationFailTimeout.......1
2019-09-17 15:53:50,564 DEBUG com.zaxxer.hikari.HikariConfig [main] isolateInternalQueries..........false
2019-09-17 15:53:50,564 DEBUG com.zaxxer.hikari.HikariConfig [main] jdbcUrl.........................jdbc:sqlserver://localhost;databaseName=springbootdb
2019-09-17 15:53:50,564 DEBUG com.zaxxer.hikari.HikariConfig [main] leakDetectionThreshold..........0
2019-09-17 15:53:50,564 DEBUG com.zaxxer.hikari.HikariConfig [main] maxLifetime.....................1800000
2019-09-17 15:53:50,564 DEBUG com.zaxxer.hikari.HikariConfig [main] maximumPoolSize.................5
2019-09-17 15:53:50,564 DEBUG com.zaxxer.hikari.HikariConfig [main] metricRegistry..................none
2019-09-17 15:53:50,564 DEBUG com.zaxxer.hikari.HikariConfig [main] metricsTrackerFactory...........none
2019-09-17 15:53:50,564 DEBUG com.zaxxer.hikari.HikariConfig [main] minimumIdle.....................5
2019-09-17 15:53:50,564 DEBUG com.zaxxer.hikari.HikariConfig [main] password........................<masked>
2019-09-17 15:53:50,564 DEBUG com.zaxxer.hikari.HikariConfig [main] poolName........................"HikariPool-1"
2019-09-17 15:53:50,564 DEBUG com.zaxxer.hikari.HikariConfig [main] readOnly........................false
2019-09-17 15:53:50,564 DEBUG com.zaxxer.hikari.HikariConfig [main] registerMbeans..................false
2019-09-17 15:53:50,564 DEBUG com.zaxxer.hikari.HikariConfig [main] scheduledExecutor...............none
2019-09-17 15:53:50,564 DEBUG com.zaxxer.hikari.HikariConfig [main] schema..........................none
2019-09-17 15:53:50,564 DEBUG com.zaxxer.hikari.HikariConfig [main] threadFactory...................internal
2019-09-17 15:53:50,564 DEBUG com.zaxxer.hikari.HikariConfig [main] transactionIsolation............default
2019-09-17 15:53:50,564 DEBUG com.zaxxer.hikari.HikariConfig [main] username........................"sa"
2019-09-17 15:53:50,564 DEBUG com.zaxxer.hikari.HikariConfig [main] validationTimeout...............5000
2019-09-17 15:53:50,564 INFO com.zaxxer.hikari.HikariDataSource [main] HikariPool-1 - Starting...
2019-09-17 15:53:51,541 DEBUG com.zaxxer.hikari.pool.HikariPool [main] HikariPool-1 - Added connection ConnectionID:1 ClientConnectionId: 5a8ba7f2-e565-424b-be9b-27a915c2dbe7
2019-09-17 15:53:51,541 INFO com.zaxxer.hikari.HikariDataSource [main] HikariPool-1 - Start completed.
2019-09-17 15:53:51,657 DEBUG com.zaxxer.hikari.pool.HikariPool [HikariPool-1 housekeeper] HikariPool-1 - Pool stats (total=1, active=1, idle=0, waiting=0)
2019-09-17 15:53:51,710 DEBUG com.zaxxer.hikari.pool.HikariPool [HikariPool-1 connection adder] HikariPool-1 - Added connection ConnectionID:2 ClientConnectionId: 2a6b64d3-4fb2-4070-9a16-defa4b8bd99c
2019-09-17 15:53:51,741 DEBUG com.zaxxer.hikari.pool.HikariPool [HikariPool-1 connection adder] HikariPool-1 - Added connection ConnectionID:3 ClientConnectionId: a22549f8-46f8-47c0-ae09-682b7a1f7127
2019-09-17 15:53:51,795 DEBUG com.zaxxer.hikari.pool.HikariPool [HikariPool-1 connection adder] HikariPool-1 - Added connection ConnectionID:4 ClientConnectionId: 5dab2b7c-33d2-48a6-aeca-0ea9731b3a07
2019-09-17 15:53:51,842 DEBUG com.zaxxer.hikari.pool.HikariPool [HikariPool-1 connection adder] HikariPool-1 - Added connection ConnectionID:5 ClientConnectionId: 1678c5be-461c-4f1f-8459-1f822c949262
2019-09-17 15:53:51,842 DEBUG com.zaxxer.hikari.pool.HikariPool [HikariPool-1 connection adder] HikariPool-1 - After adding stats (total=5, active=0, idle=5, waiting=0)
2019-09-17 15:53:53,210 INFO org.springframework.orm.jpa.LocalContainerEntityManagerFactoryBean [main] Initialized JPA EntityManagerFactory for persistence unit 'default'
2019-09-17 15:53:53,716 INFO org.springframework.scheduling.concurrent.ThreadPoolTaskExecutor [main] Initializing ExecutorService 'applicationTaskExecutor'
2019-09-17 15:53:53,827 WARN org.springframework.boot.autoconfigure.orm.jpa.JpaBaseConfiguration$JpaWebConfiguration$JpaWebMvcConfiguration [main] spring.jpa.open-in-view is enabled by default. Therefore, database queries may be performed during view rendering. Explicitly configure spring.jpa.open-in-view to disable this warning
2019-09-17 15:53:54,404 INFO org.springframework.boot.web.embedded.tomcat.TomcatWebServer [main] Tomcat started on port(s): 8080 (http) with context path ''
2019-09-17 15:54:21,679 DEBUG com.zaxxer.hikari.pool.HikariPool [HikariPool-1 housekeeper] HikariPool-1 - Pool stats (total=5, active=0, idle=5, waiting=0)
2019-09-17 15:54:51,684 DEBUG com.zaxxer.hikari.pool.HikariPool [HikariPool-1 housekeeper] HikariPool-1 - Pool stats (total=5, active=0, idle=5, waiting=0)
2019-09-17 15:55:21,686 DEBUG com.zaxxer.hikari.pool.HikariPool [HikariPool-1 housekeeper] HikariPool-1 - Pool stats (total=5, active=0, idle=5, waiting=0)
2019-09-17 15:55:51,707 DEBUG com.zaxxer.hikari.pool.HikariPool [HikariPool-1 housekeeper] HikariPool-1 - Pool stats (total=5, active=0, idle=5, waiting=0)
2019-09-17 15:56:21,711 DEBUG com.zaxxer.hikari.pool.HikariPool [HikariPool-1 housekeeper] HikariPool-1 - Pool stats (total=5, active=0, idle=5, waiting=0)
2019-09-17 15:56:51,717 DEBUG com.zaxxer.hikari.pool.HikariPool [HikariPool-1 housekeeper] HikariPool-1 - Pool stats (total=5, active=0, idle=5, waiting=0)
2019-09-17 15:57:21,732 DEBUG com.zaxxer.hikari.pool.HikariPool [HikariPool-1 housekeeper] HikariPool-1 - Pool stats (total=5, active=0, idle=5, waiting=0)
2019-09-17 15:57:51,751 DEBUG com.zaxxer.hikari.pool.HikariPool [HikariPool-1 housekeeper] HikariPool-1 - Pool stats (total=5, active=0, idle=5, waiting=0)
2019-09-17 15:58:21,767 DEBUG com.zaxxer.hikari.pool.HikariPool [HikariPool-1 housekeeper] HikariPool-1 - Pool stats (total=5, active=0, idle=5, waiting=0)
2019-09-17 15:58:51,767 DEBUG com.zaxxer.hikari.pool.HikariPool [HikariPool-1 housekeeper] HikariPool-1 - Pool stats (total=5, active=0, idle=5, waiting=0)
2019-09-17 15:59:21,786 DEBUG com.zaxxer.hikari.pool.HikariPool [HikariPool-1 housekeeper] HikariPool-1 - Pool stats (total=5, active=0, idle=5, waiting=0)
2019-09-17 15:59:51,803 DEBUG com.zaxxer.hikari.pool.HikariPool [HikariPool-1 housekeeper] HikariPool-1 - Pool stats (total=5, active=0, idle=5, waiting=0)
2019-09-17 16:00:21,813 DEBUG com.zaxxer.hikari.pool.HikariPool [HikariPool-1 housekeeper] HikariPool-1 - Pool stats (total=5, active=0, idle=5, waiting=0)
2019-09-17 16:00:51,818 DEBUG com.zaxxer.hikari.pool.HikariPool [HikariPool-1 housekeeper] HikariPool-1 - Pool stats (total=5, active=0, idle=5, waiting=0)
2019-09-17 16:01:21,822 DEBUG com.zaxxer.hikari.pool.HikariPool [HikariPool-1 housekeeper] HikariPool-1 - Pool stats (total=5, active=0, idle=5, waiting=0)
2019-09-17 16:01:51,832 DEBUG com.zaxxer.hikari.pool.HikariPool [HikariPool-1 housekeeper] HikariPool-1 - Pool stats (total=5, active=0, idle=5, waiting=0)
2019-09-17 16:02:21,850 DEBUG com.zaxxer.hikari.pool.HikariPool [HikariPool-1 housekeeper] HikariPool-1 - Pool stats (total=5, active=0, idle=5, waiting=0)
2019-09-17 16:02:51,860 DEBUG com.zaxxer.hikari.pool.HikariPool [HikariPool-1 housekeeper] HikariPool-1 - Pool stats (total=5, active=0, idle=5, waiting=0)
2019-09-17 16:03:21,866 DEBUG com.zaxxer.hikari.pool.HikariPool [HikariPool-1 housekeeper] HikariPool-1 - Pool stats (total=5, active=0, idle=5, waiting=0)
2019-09-17 16:03:51,876 DEBUG com.zaxxer.hikari.pool.HikariPool [HikariPool-1 housekeeper] HikariPool-1 - Pool stats (total=5, active=0, idle=5, waiting=0)
2019-09-17 16:04:21,892 DEBUG com.zaxxer.hikari.pool.HikariPool [HikariPool-1 housekeeper] HikariPool-1 - Pool stats (total=5, active=0, idle=5, waiting=0)
2019-09-17 16:04:51,906 DEBUG com.zaxxer.hikari.pool.HikariPool [HikariPool-1 housekeeper] HikariPool-1 - Pool stats (total=5, active=0, idle=5, waiting=0)
2019-09-17 16:05:21,913 DEBUG com.zaxxer.hikari.pool.HikariPool [HikariPool-1 housekeeper] HikariPool-1 - Pool stats (total=5, active=0, idle=5, waiting=0)
2019-09-17 16:05:51,922 DEBUG com.zaxxer.hikari.pool.HikariPool [HikariPool-1 housekeeper] HikariPool-1 - Pool stats (total=5, active=0, idle=5, waiting=0)
2019-09-17 16:06:21,928 DEBUG com.zaxxer.hikari.pool.HikariPool [HikariPool-1 housekeeper] HikariPool-1 - Pool stats (total=5, active=0, idle=5, waiting=0)
2019-09-17 16:06:51,933 DEBUG com.zaxxer.hikari.pool.HikariPool [HikariPool-1 housekeeper] HikariPool-1 - Pool stats (total=5, active=0, idle=5, waiting=0)
2019-09-17 16:07:21,948 DEBUG com.zaxxer.hikari.pool.HikariPool [HikariPool-1 housekeeper] HikariPool-1 - Pool stats (total=5, active=0, idle=5, waiting=0)
2019-09-17 16:07:51,962 DEBUG com.zaxxer.hikari.pool.HikariPool [HikariPool-1 housekeeper] HikariPool-1 - Pool stats (total=5, active=0, idle=5, waiting=0)
2019-09-17 16:08:21,969 DEBUG com.zaxxer.hikari.pool.HikariPool [HikariPool-1 housekeeper] HikariPool-1 - Pool stats (total=5, active=0, idle=5, waiting=0)
2019-09-17 16:08:51,991 DEBUG com.zaxxer.hikari.pool.HikariPool [HikariPool-1 housekeeper] HikariPool-1 - Pool stats (total=5, active=0, idle=5, waiting=0)
2019-09-17 16:09:22,000 DEBUG com.zaxxer.hikari.pool.HikariPool [HikariPool-1 housekeeper] HikariPool-1 - Pool stats (total=5, active=0, idle=5, waiting=0)
2019-09-17 16:09:52,015 DEBUG com.zaxxer.hikari.pool.HikariPool [HikariPool-1 housekeeper] HikariPool-1 - Pool stats (total=5, active=0, idle=5, waiting=0)
2019-09-17 16:10:22,024 DEBUG com.zaxxer.hikari.pool.HikariPool [HikariPool-1 housekeeper] HikariPool-1 - Pool stats (total=5, active=0, idle=5, waiting=0)
2019-09-17 16:10:52,025 DEBUG com.zaxxer.hikari.pool.HikariPool [HikariPool-1 housekeeper] HikariPool-1 - Pool stats (total=5, active=0, idle=5, waiting=0)
2019-09-17 16:11:22,044 DEBUG com.zaxxer.hikari.pool.HikariPool [HikariPool-1 housekeeper] HikariPool-1 - Pool stats (total=5, active=0, idle=5, waiting=0)
2019-09-17 16:11:52,066 DEBUG com.zaxxer.hikari.pool.HikariPool [HikariPool-1 housekeeper] HikariPool-1 - Pool stats (total=5, active=0, idle=5, waiting=0)
2019-09-17 16:12:22,076 DEBUG com.zaxxer.hikari.pool.HikariPool [HikariPool-1 housekeeper] HikariPool-1 - Pool stats (total=5, active=0, idle=5, waiting=0)
2019-09-17 16:12:52,096 DEBUG com.zaxxer.hikari.pool.HikariPool [HikariPool-1 housekeeper] HikariPool-1 - Pool stats (total=5, active=0, idle=5, waiting=0)
2019-09-17 16:13:22,106 DEBUG com.zaxxer.hikari.pool.HikariPool [HikariPool-1 housekeeper] HikariPool-1 - Pool stats (total=5, active=0, idle=5, waiting=0)
2019-09-17 16:13:52,124 DEBUG com.zaxxer.hikari.pool.HikariPool [HikariPool-1 housekeeper] HikariPool-1 - Pool stats (total=5, active=0, idle=5, waiting=0)
2019-09-17 16:14:22,139 DEBUG com.zaxxer.hikari.pool.HikariPool [HikariPool-1 housekeeper] HikariPool-1 - Pool stats (total=5, active=0, idle=5, waiting=0)
2019-09-17 16:14:52,140 DEBUG com.zaxxer.hikari.pool.HikariPool [HikariPool-1 housekeeper] HikariPool-1 - Pool stats (total=5, active=0, idle=5, waiting=0)
2019-09-17 16:15:22,142 DEBUG com.zaxxer.hikari.pool.HikariPool [HikariPool-1 housekeeper] HikariPool-1 - Pool stats (total=5, active=0, idle=5, waiting=0)
2019-09-17 16:15:52,151 DEBUG com.zaxxer.hikari.pool.HikariPool [HikariPool-1 housekeeper] HikariPool-1 - Pool stats (total=5, active=0, idle=5, waiting=0)
2019-09-17 16:16:22,172 DEBUG com.zaxxer.hikari.pool.HikariPool [HikariPool-1 housekeeper] HikariPool-1 - Pool stats (total=5, active=0, idle=5, waiting=0)
2019-09-17 16:16:52,173 DEBUG com.zaxxer.hikari.pool.HikariPool [HikariPool-1 housekeeper] HikariPool-1 - Pool stats (total=5, active=0, idle=5, waiting=0)
2019-09-17 16:17:22,174 DEBUG com.zaxxer.hikari.pool.HikariPool [HikariPool-1 housekeeper] HikariPool-1 - Pool stats (total=5, active=0, idle=5, waiting=0)
2019-09-17 16:17:52,175 DEBUG com.zaxxer.hikari.pool.HikariPool [HikariPool-1 housekeeper] HikariPool-1 - Pool stats (total=5, active=0, idle=5, waiting=0)
2019-09-17 16:18:22,177 DEBUG com.zaxxer.hikari.pool.HikariPool [HikariPool-1 housekeeper] HikariPool-1 - Pool stats (total=5, active=0, idle=5, waiting=0)
2019-09-17 16:18:52,179 DEBUG com.zaxxer.hikari.pool.HikariPool [HikariPool-1 housekeeper] HikariPool-1 - Pool stats (total=5, active=0, idle=5, waiting=0)
2019-09-17 16:19:22,181 DEBUG com.zaxxer.hikari.pool.HikariPool [HikariPool-1 housekeeper] HikariPool-1 - Pool stats (total=5, active=0, idle=5, waiting=0)
2019-09-17 16:19:52,187 DEBUG com.zaxxer.hikari.pool.HikariPool [HikariPool-1 housekeeper] HikariPool-1 - Pool stats (total=5, active=0, idle=5, waiting=0)
2019-09-17 16:20:22,190 DEBUG com.zaxxer.hikari.pool.HikariPool [HikariPool-1 housekeeper] HikariPool-1 - Pool stats (total=5, active=0, idle=5, waiting=0)
2019-09-17 16:20:52,192 DEBUG com.zaxxer.hikari.pool.HikariPool [HikariPool-1 housekeeper] HikariPool-1 - Pool stats (total=5, active=0, idle=5, waiting=0)
2019-09-17 16:21:22,195 DEBUG com.zaxxer.hikari.pool.HikariPool [HikariPool-1 housekeeper] HikariPool-1 - Pool stats (total=5, active=0, idle=5, waiting=0)
2019-09-17 16:21:52,210 DEBUG com.zaxxer.hikari.pool.HikariPool [HikariPool-1 housekeeper] HikariPool-1 - Pool stats (total=5, active=0, idle=5, waiting=0)
2019-09-17 16:22:22,221 DEBUG com.zaxxer.hikari.pool.HikariPool [HikariPool-1 housekeeper] HikariPool-1 - Pool stats (total=5, active=0, idle=5, waiting=0)
2019-09-17 16:22:52,231 DEBUG com.zaxxer.hikari.pool.HikariPool [HikariPool-1 housekeeper] HikariPool-1 - Pool stats (total=5, active=0, idle=5, waiting=0)
2019-09-17 16:23:12,430 DEBUG com.zaxxer.hikari.pool.PoolBase [HikariPool-1 connection closer] HikariPool-1 - Closing connection ConnectionID:4 ClientConnectionId: 5dab2b7c-33d2-48a6-aeca-0ea9731b3a07: (connection has passed maxLifetime)
2019-09-17 16:23:12,475 DEBUG com.zaxxer.hikari.pool.HikariPool [HikariPool-1 connection adder] HikariPool-1 - Added connection ConnectionID:6 ClientConnectionId: 6438f3c7-f83e-4266-b855-8099190bfee3
2019-09-17 16:23:22,250 DEBUG com.zaxxer.hikari.pool.HikariPool [HikariPool-1 housekeeper] HikariPool-1 - Pool stats (total=5, active=0, idle=5, waiting=0)
2019-09-17 16:23:23,390 DEBUG com.zaxxer.hikari.pool.PoolBase [HikariPool-1 connection closer] HikariPool-1 - Closing connection ConnectionID:1 ClientConnectionId: 5a8ba7f2-e565-424b-be9b-27a915c2dbe7: (connection has passed maxLifetime)
2019-09-17 16:23:23,400 DEBUG com.zaxxer.hikari.pool.HikariPool [HikariPool-1 connection adder] HikariPool-1 - Added connection ConnectionID:7 ClientConnectionId: 498e72d9-2829-47f9-b69c-80ef5174fc45
2019-09-17 16:23:24,970 DEBUG com.zaxxer.hikari.pool.PoolBase [HikariPool-1 connection closer] HikariPool-1 - Closing connection ConnectionID:3 ClientConnectionId: a22549f8-46f8-47c0-ae09-682b7a1f7127: (connection has passed maxLifetime)
2019-09-17 16:23:24,990 DEBUG com.zaxxer.hikari.pool.HikariPool [HikariPool-1 connection adder] HikariPool-1 - Added connection ConnectionID:8 ClientConnectionId: a2a52424-50aa-4749-8fa8-85721bd6452f
2019-09-17 16:23:27,630 DEBUG com.zaxxer.hikari.pool.PoolBase [HikariPool-1 connection closer] HikariPool-1 - Closing connection ConnectionID:5 ClientConnectionId: 1678c5be-461c-4f1f-8459-1f822c949262: (connection has passed maxLifetime)
2019-09-17 16:23:27,655 DEBUG com.zaxxer.hikari.pool.HikariPool [HikariPool-1 connection adder] HikariPool-1 - Added connection ConnectionID:9 ClientConnectionId: 1b33c4b3-8f98-472e-a048-ed6aebb97cf0
2019-09-17 16:23:48,470 DEBUG com.zaxxer.hikari.pool.PoolBase [HikariPool-1 connection closer] HikariPool-1 - Closing connection ConnectionID:2 ClientConnectionId: 2a6b64d3-4fb2-4070-9a16-defa4b8bd99c: (connection has passed maxLifetime)
2019-09-17 16:23:48,510 DEBUG com.zaxxer.hikari.pool.HikariPool [HikariPool-1 connection adder] HikariPool-1 - Added connection ConnectionID:10 ClientConnectionId: b1c378e0-7cba-49b3-bb4c-dc21619dcc27
2019-09-17 16:23:52,270 DEBUG com.zaxxer.hikari.pool.HikariPool [HikariPool-1 housekeeper] HikariPool-1 - Pool stats (total=5, active=0, idle=5, waiting=0)
2019-09-17 16:24:22,285 DEBUG com.zaxxer.hikari.pool.HikariPool [HikariPool-1 housekeeper] HikariPool-1 - Pool stats (total=5, active=0, idle=5, waiting=0)
2019-09-17 16:24:52,306 DEBUG com.zaxxer.hikari.pool.HikariPool [HikariPool-1 housekeeper] HikariPool-1 - Pool stats (total=5, active=0, idle=5, waiting=0)
2019-09-17 16:25:22,321 DEBUG com.zaxxer.hikari.pool.HikariPool [HikariPool-1 housekeeper] HikariPool-1 - Pool stats (total=5, active=0, idle=5, waiting=0)
2019-09-17 16:25:52,332 DEBUG com.zaxxer.hikari.pool.HikariPool [HikariPool-1 housekeeper] HikariPool-1 - Pool stats (total=5, active=0, idle=5, waiting=0)
2019-09-17 16:26:22,333 DEBUG com.zaxxer.hikari.pool.HikariPool [HikariPool-1 housekeeper] HikariPool-1 - Pool stats (total=5, active=0, idle=5, waiting=0)
2019-09-17 16:26:52,334 DEBUG com.zaxxer.hikari.pool.HikariPool [HikariPool-1 housekeeper] HikariPool-1 - Pool stats (total=5, active=0, idle=5, waiting=0)
2019-09-17 16:27:22,344 DEBUG com.zaxxer.hikari.pool.HikariPool [HikariPool-1 housekeeper] HikariPool-1 - Pool stats (total=5, active=0, idle=5, waiting=0)
2019-09-17 16:27:52,358 DEBUG com.zaxxer.hikari.pool.HikariPool [HikariPool-1 housekeeper] HikariPool-1 - Pool stats (total=5, active=0, idle=5, waiting=0)
2019-09-17 16:28:22,379 DEBUG com.zaxxer.hikari.pool.HikariPool [HikariPool-1 housekeeper] HikariPool-1 - Pool stats (total=5, active=0, idle=5, waiting=0)
2019-09-17 16:28:52,398 DEBUG com.zaxxer.hikari.pool.HikariPool [HikariPool-1 housekeeper] HikariPool-1 - Pool stats (total=5, active=0, idle=5, waiting=0)
2019-09-17 16:29:22,416 DEBUG com.zaxxer.hikari.pool.HikariPool [HikariPool-1 housekeeper] HikariPool-1 - Pool stats (total=5, active=0, idle=5, waiting=0)
2019-09-17 16:29:52,432 DEBUG com.zaxxer.hikari.pool.HikariPool [HikariPool-1 housekeeper] HikariPool-1 - Pool stats (total=5, active=0, idle=5, waiting=0)
2019-09-17 16:30:22,450 DEBUG com.zaxxer.hikari.pool.HikariPool [HikariPool-1 housekeeper] HikariPool-1 - Pool stats (total=5, active=0, idle=5, waiting=0)
2019-09-17 16:30:52,457 DEBUG com.zaxxer.hikari.pool.HikariPool [HikariPool-1 housekeeper] HikariPool-1 - Pool stats (total=5, active=0, idle=5, waiting=0)
2019-09-17 16:31:22,460 DEBUG com.zaxxer.hikari.pool.HikariPool [HikariPool-1 housekeeper] HikariPool-1 - Pool stats (total=5, active=0, idle=5, waiting=0)
2019-09-17 16:31:52,463 DEBUG com.zaxxer.hikari.pool.HikariPool [HikariPool-1 housekeeper] HikariPool-1 - Pool stats (total=5, active=0, idle=5, waiting=0)
2019-09-17 16:32:22,469 DEBUG com.zaxxer.hikari.pool.HikariPool [HikariPool-1 housekeeper] HikariPool-1 - Pool stats (total=5, active=0, idle=5, waiting=0)
2019-09-17 16:32:52,482 DEBUG com.zaxxer.hikari.pool.HikariPool [HikariPool-1 housekeeper] HikariPool-1 - Pool stats (total=5, active=0, idle=5, waiting=0)
2019-09-17 16:33:22,483 DEBUG com.zaxxer.hikari.pool.HikariPool [HikariPool-1 housekeeper] HikariPool-1 - Pool stats (total=5, active=0, idle=5, waiting=0)
2019-09-17 16:33:52,498 DEBUG com.zaxxer.hikari.pool.HikariPool [HikariPool-1 housekeeper] HikariPool-1 - Pool stats (total=5, active=0, idle=5, waiting=0)
2019-09-17 16:34:22,509 DEBUG com.zaxxer.hikari.pool.HikariPool [HikariPool-1 housekeeper] HikariPool-1 - Pool stats (total=5, active=0, idle=5, waiting=0)
2019-09-17 16:34:52,510 DEBUG com.zaxxer.hikari.pool.HikariPool [HikariPool-1 housekeeper] HikariPool-1 - Pool stats (total=5, active=0, idle=5, waiting=0)
2019-09-17 16:35:22,513 DEBUG com.zaxxer.hikari.pool.HikariPool [HikariPool-1 housekeeper] HikariPool-1 - Pool stats (total=5, active=0, idle=5, waiting=0)
2019-09-17 16:35:52,526 DEBUG com.zaxxer.hikari.pool.HikariPool [HikariPool-1 housekeeper] HikariPool-1 - Pool stats (total=5, active=0, idle=5, waiting=0)
2019-09-17 16:36:22,527 DEBUG com.zaxxer.hikari.pool.HikariPool [HikariPool-1 housekeeper] HikariPool-1 - Pool stats (total=5, active=0, idle=5, waiting=0)
2019-09-17 16:36:52,528 DEBUG com.zaxxer.hikari.pool.HikariPool [HikariPool-1 housekeeper] HikariPool-1 - Pool stats (total=5, active=0, idle=5, waiting=0)
2019-09-17 16:37:22,541 DEBUG com.zaxxer.hikari.pool.HikariPool [HikariPool-1 housekeeper] HikariPool-1 - Pool stats (total=5, active=0, idle=5, waiting=0)
2019-09-17 16:37:52,543 DEBUG com.zaxxer.hikari.pool.HikariPool [HikariPool-1 housekeeper] HikariPool-1 - Pool stats (total=5, active=0, idle=5, waiting=0)
2019-09-17 16:38:22,556 DEBUG com.zaxxer.hikari.pool.HikariPool [HikariPool-1 housekeeper] HikariPool-1 - Pool stats (total=5, active=0, idle=5, waiting=0)
2019-09-17 16:38:52,571 DEBUG com.zaxxer.hikari.pool.HikariPool [HikariPool-1 housekeeper] HikariPool-1 - Pool stats (total=5, active=0, idle=5, waiting=0)
2019-09-17 16:39:22,575 DEBUG com.zaxxer.hikari.pool.HikariPool [HikariPool-1 housekeeper] HikariPool-1 - Pool stats (total=5, active=0, idle=5, waiting=0)
2019-09-17 16:39:52,583 DEBUG com.zaxxer.hikari.pool.HikariPool [HikariPool-1 housekeeper] HikariPool-1 - Pool stats (total=5, active=0, idle=5, waiting=0)
2019-09-17 16:40:22,593 DEBUG com.zaxxer.hikari.pool.HikariPool [HikariPool-1 housekeeper] HikariPool-1 - Pool stats (total=5, active=0, idle=5, waiting=0)
2019-09-17 16:40:52,595 DEBUG com.zaxxer.hikari.pool.HikariPool [HikariPool-1 housekeeper] HikariPool-1 - Pool stats (total=5, active=0, idle=5, waiting=0)
2019-09-17 16:41:22,597 DEBUG com.zaxxer.hikari.pool.HikariPool [HikariPool-1 housekeeper] HikariPool-1 - Pool stats (total=5, active=0, idle=5, waiting=0)
2019-09-17 16:41:52,608 DEBUG com.zaxxer.hikari.pool.HikariPool [HikariPool-1 housekeeper] HikariPool-1 - Pool stats (total=5, active=0, idle=5, waiting=0)
2019-09-17 16:42:22,619 DEBUG com.zaxxer.hikari.pool.HikariPool [HikariPool-1 housekeeper] HikariPool-1 - Pool stats (total=5, active=0, idle=5, waiting=0)
2019-09-17 16:42:52,621 DEBUG com.zaxxer.hikari.pool.HikariPool [HikariPool-1 housekeeper] HikariPool-1 - Pool stats (total=5, active=0, idle=5, waiting=0)
2019-09-17 16:43:22,625 DEBUG com.zaxxer.hikari.pool.HikariPool [HikariPool-1 housekeeper] HikariPool-1 - Pool stats (total=5, active=0, idle=5, waiting=0)
2019-09-17 16:43:52,626 DEBUG com.zaxxer.hikari.pool.HikariPool [HikariPool-1 housekeeper] HikariPool-1 - Pool stats (total=5, active=0, idle=5, waiting=0)
2019-09-17 16:44:22,628 DEBUG com.zaxxer.hikari.pool.HikariPool [HikariPool-1 housekeeper] HikariPool-1 - Pool stats (total=5, active=0, idle=5, waiting=0)
2019-09-17 16:44:52,644 DEBUG com.zaxxer.hikari.pool.HikariPool [HikariPool-1 housekeeper] HikariPool-1 - Pool stats (total=5, active=0, idle=5, waiting=0)
2019-09-17 16:45:22,649 DEBUG com.zaxxer.hikari.pool.HikariPool [HikariPool-1 housekeeper] HikariPool-1 - Pool stats (total=5, active=0, idle=5, waiting=0)
2019-09-17 16:45:52,651 DEBUG com.zaxxer.hikari.pool.HikariPool [HikariPool-1 housekeeper] HikariPool-1 - Pool stats (total=5, active=0, idle=5, waiting=0)
2019-09-17 16:46:22,657 DEBUG com.zaxxer.hikari.pool.HikariPool [HikariPool-1 housekeeper] HikariPool-1 - Pool stats (total=5, active=0, idle=5, waiting=0)
2019-09-17 16:46:52,675 DEBUG com.zaxxer.hikari.pool.HikariPool [HikariPool-1 housekeeper] HikariPool-1 - Pool stats (total=5, active=0, idle=5, waiting=0)
2019-09-17 16:47:22,677 DEBUG com.zaxxer.hikari.pool.HikariPool [HikariPool-1 housekeeper] HikariPool-1 - Pool stats (total=5, active=0, idle=5, waiting=0)
2019-09-17 16:47:52,678 DEBUG com.zaxxer.hikari.pool.HikariPool [HikariPool-1 housekeeper] HikariPool-1 - Pool stats (total=5, active=0, idle=5, waiting=0)
2019-09-17 16:48:22,679 DEBUG com.zaxxer.hikari.pool.HikariPool [HikariPool-1 housekeeper] HikariPool-1 - Pool stats (total=5, active=0, idle=5, waiting=0)
2019-09-17 16:48:52,681 DEBUG com.zaxxer.hikari.pool.HikariPool [HikariPool-1 housekeeper] HikariPool-1 - Pool stats (total=5, active=0, idle=5, waiting=0)
2019-09-17 16:49:22,683 DEBUG com.zaxxer.hikari.pool.HikariPool [HikariPool-1 housekeeper] HikariPool-1 - Pool stats (total=5, active=0, idle=5, waiting=0)
2019-09-17 16:49:52,684 DEBUG com.zaxxer.hikari.pool.HikariPool [HikariPool-1 housekeeper] HikariPool-1 - Pool stats (total=5, active=0, idle=5, waiting=0)
2019-09-17 16:50:22,686 DEBUG com.zaxxer.hikari.pool.HikariPool [HikariPool-1 housekeeper] HikariPool-1 - Pool stats (total=5, active=0, idle=5, waiting=0)
2019-09-17 16:50:52,686 DEBUG com.zaxxer.hikari.pool.HikariPool [HikariPool-1 housekeeper] HikariPool-1 - Pool stats (total=5, active=0, idle=5, waiting=0)
2019-09-17 16:51:22,687 DEBUG com.zaxxer.hikari.pool.HikariPool [HikariPool-1 housekeeper] HikariPool-1 - Pool stats (total=5, active=0, idle=5, waiting=0)
2019-09-17 16:51:52,702 DEBUG com.zaxxer.hikari.pool.HikariPool [HikariPool-1 housekeeper] HikariPool-1 - Pool stats (total=5, active=0, idle=5, waiting=0)
2019-09-17 16:52:22,704 DEBUG com.zaxxer.hikari.pool.HikariPool [HikariPool-1 housekeeper] HikariPool-1 - Pool stats (total=5, active=0, idle=5, waiting=0)
2019-09-17 16:52:42,538 DEBUG com.zaxxer.hikari.pool.PoolBase [HikariPool-1 connection closer] HikariPool-1 - Closing connection ConnectionID:7 ClientConnectionId: 498e72d9-2829-47f9-b69c-80ef5174fc45: (connection has passed maxLifetime)
2019-09-17 16:52:42,557 DEBUG com.zaxxer.hikari.pool.HikariPool [HikariPool-1 connection adder] HikariPool-1 - Added connection ConnectionID:11 ClientConnectionId: 74487cf1-cd9e-4d45-9ccc-4038d1414645
2019-09-17 16:52:52,708 DEBUG com.zaxxer.hikari.pool.HikariPool [HikariPool-1 housekeeper] HikariPool-1 - Pool stats (total=5, active=0, idle=5, waiting=0)
2019-09-17 16:52:59,346 DEBUG com.zaxxer.hikari.pool.PoolBase [HikariPool-1 connection closer] HikariPool-1 - Closing connection ConnectionID:8 ClientConnectionId: a2a52424-50aa-4749-8fa8-85721bd6452f: (connection has passed maxLifetime)
2019-09-17 16:52:59,362 DEBUG com.zaxxer.hikari.pool.HikariPool [HikariPool-1 connection adder] HikariPool-1 - Added connection ConnectionID:12 ClientConnectionId: 0051a7e1-fbb9-42ae-b201-3983de7b3925
2019-09-17 16:53:09,093 DEBUG com.zaxxer.hikari.pool.PoolBase [HikariPool-1 connection closer] HikariPool-1 - Closing connection ConnectionID:6 ClientConnectionId: 6438f3c7-f83e-4266-b855-8099190bfee3: (connection has passed maxLifetime)
2019-09-17 16:53:09,123 DEBUG com.zaxxer.hikari.pool.HikariPool [HikariPool-1 connection adder] HikariPool-1 - Added connection ConnectionID:13 ClientConnectionId: f24cfef8-9d0e-4403-8683-8134995fba28
2019-09-17 16:53:15,734 DEBUG com.zaxxer.hikari.pool.PoolBase [HikariPool-1 connection closer] HikariPool-1 - Closing connection ConnectionID:9 ClientConnectionId: 1b33c4b3-8f98-472e-a048-ed6aebb97cf0: (connection has passed maxLifetime)
2019-09-17 16:53:15,768 DEBUG com.zaxxer.hikari.pool.HikariPool [HikariPool-1 connection adder] HikariPool-1 - Added connection ConnectionID:14 ClientConnectionId: b7d0555b-e9fb-4c9f-8a53-aa587d67769e
2019-09-17 16:53:22,719 DEBUG com.zaxxer.hikari.pool.HikariPool [HikariPool-1 housekeeper] HikariPool-1 - Pool stats (total=5, active=0, idle=5, waiting=0)
2019-09-17 16:53:39,588 DEBUG com.zaxxer.hikari.pool.PoolBase [HikariPool-1 connection closer] HikariPool-1 - Closing connection ConnectionID:10 ClientConnectionId: b1c378e0-7cba-49b3-bb4c-dc21619dcc27: (connection has passed maxLifetime)
2019-09-17 16:53:39,633 DEBUG com.zaxxer.hikari.pool.HikariPool [HikariPool-1 connection adder] HikariPool-1 - Added connection ConnectionID:15 ClientConnectionId: d9951700-697d-4f5d-be6c-61b493c6ce6b
2019-09-17 16:53:52,728 DEBUG com.zaxxer.hikari.pool.HikariPool [HikariPool-1 housekeeper] HikariPool-1 - Pool stats (total=5, active=0, idle=5, waiting=0)
2019-09-17 16:54:22,739 DEBUG com.zaxxer.hikari.pool.HikariPool [HikariPool-1 housekeeper] HikariPool-1 - Pool stats (total=5, active=0, idle=5, waiting=0)
2019-09-17 16:54:52,770 DEBUG com.zaxxer.hikari.pool.HikariPool [HikariPool-1 housekeeper] HikariPool-1 - Pool stats (total=5, active=0, idle=5, waiting=0)
2019-09-17 16:55:22,787 DEBUG com.zaxxer.hikari.pool.HikariPool [HikariPool-1 housekeeper] HikariPool-1 - Pool stats (total=5, active=0, idle=5, waiting=0)
2019-09-17 16:55:52,791 DEBUG com.zaxxer.hikari.pool.HikariPool [HikariPool-1 housekeeper] HikariPool-1 - Pool stats (total=5, active=0, idle=5, waiting=0)
2019-09-17 16:56:22,806 DEBUG com.zaxxer.hikari.pool.HikariPool [HikariPool-1 housekeeper] HikariPool-1 - Pool stats (total=5, active=0, idle=5, waiting=0)
2019-09-17 16:56:52,816 DEBUG com.zaxxer.hikari.pool.HikariPool [HikariPool-1 housekeeper] HikariPool-1 - Pool stats (total=5, active=0, idle=5, waiting=0)
2019-09-17 16:57:22,817 DEBUG com.zaxxer.hikari.pool.HikariPool [HikariPool-1 housekeeper] HikariPool-1 - Pool stats (total=5, active=0, idle=5, waiting=0)
2019-09-17 16:57:52,835 DEBUG com.zaxxer.hikari.pool.HikariPool [HikariPool-1 housekeeper] HikariPool-1 - Pool stats (total=5, active=0, idle=5, waiting=0)
2019-09-17 16:58:22,838 DEBUG com.zaxxer.hikari.pool.HikariPool [HikariPool-1 housekeeper] HikariPool-1 - Pool stats (total=5, active=0, idle=5, waiting=0)
2019-09-17 16:58:52,856 DEBUG com.zaxxer.hikari.pool.HikariPool [HikariPool-1 housekeeper] HikariPool-1 - Pool stats (total=5, active=0, idle=5, waiting=0)
2019-09-17 16:59:22,866 DEBUG com.zaxxer.hikari.pool.HikariPool [HikariPool-1 housekeeper] HikariPool-1 - Pool stats (total=5, active=0, idle=5, waiting=0)
2019-09-17 16:59:52,868 DEBUG com.zaxxer.hikari.pool.HikariPool [HikariPool-1 housekeeper] HikariPool-1 - Pool stats (total=5, active=0, idle=5, waiting=0)
2019-09-17 17:00:22,887 DEBUG com.zaxxer.hikari.pool.HikariPool [HikariPool-1 housekeeper] HikariPool-1 - Pool stats (total=5, active=0, idle=5, waiting=0)
2019-09-17 17:00:52,903 DEBUG com.zaxxer.hikari.pool.HikariPool [HikariPool-1 housekeeper] HikariPool-1 - Pool stats (total=5, active=0, idle=5, waiting=0)
2019-09-17 17:01:22,905 DEBUG com.zaxxer.hikari.pool.HikariPool [HikariPool-1 housekeeper] HikariPool-1 - Pool stats (total=5, active=0, idle=5, waiting=0)
2019-09-17 17:01:52,905 DEBUG com.zaxxer.hikari.pool.HikariPool [HikariPool-1 housekeeper] HikariPool-1 - Pool stats (total=5, active=0, idle=5, waiting=0)
2019-09-17 17:02:22,923 DEBUG com.zaxxer.hikari.pool.HikariPool [HikariPool-1 housekeeper] HikariPool-1 - Pool stats (total=5, active=0, idle=5, waiting=0)
2019-09-17 17:02:52,924 DEBUG com.zaxxer.hikari.pool.HikariPool [HikariPool-1 housekeeper] HikariPool-1 - Pool stats (total=5, active=0, idle=5, waiting=0)
2019-09-17 17:03:22,953 DEBUG com.zaxxer.hikari.pool.HikariPool [HikariPool-1 housekeeper] HikariPool-1 - Pool stats (total=5, active=0, idle=5, waiting=0)
2019-09-17 17:03:52,966 DEBUG com.zaxxer.hikari.pool.HikariPool [HikariPool-1 housekeeper] HikariPool-1 - Pool stats (total=5, active=0, idle=5, waiting=0)
2019-09-17 17:04:22,969 DEBUG com.zaxxer.hikari.pool.HikariPool [HikariPool-1 housekeeper] HikariPool-1 - Pool stats (total=5, active=0, idle=5, waiting=0)
2019-09-17 17:04:52,972 DEBUG com.zaxxer.hikari.pool.HikariPool [HikariPool-1 housekeeper] HikariPool-1 - Pool stats (total=5, active=0, idle=5, waiting=0)
2019-09-17 17:05:22,975 DEBUG com.zaxxer.hikari.pool.HikariPool [HikariPool-1 housekeeper] HikariPool-1 - Pool stats (total=5, active=0, idle=5, waiting=0)
2019-09-17 17:05:52,977 DEBUG com.zaxxer.hikari.pool.HikariPool [HikariPool-1 housekeeper] HikariPool-1 - Pool stats (total=5, active=0, idle=5, waiting=0)
2019-09-17 17:06:22,977 DEBUG com.zaxxer.hikari.pool.HikariPool [HikariPool-1 housekeeper] HikariPool-1 - Pool stats (total=5, active=0, idle=5, waiting=0)
2019-09-17 17:06:52,991 DEBUG com.zaxxer.hikari.pool.HikariPool [HikariPool-1 housekeeper] HikariPool-1 - Pool stats (total=5, active=0, idle=5, waiting=0)
2019-09-17 17:07:22,994 DEBUG com.zaxxer.hikari.pool.HikariPool [HikariPool-1 housekeeper] HikariPool-1 - Pool stats (total=5, active=0, idle=5, waiting=0)
2019-09-17 17:07:53,009 DEBUG com.zaxxer.hikari.pool.HikariPool [HikariPool-1 housekeeper] HikariPool-1 - Pool stats (total=5, active=0, idle=5, waiting=0)
2019-09-17 17:08:23,016 DEBUG com.zaxxer.hikari.pool.HikariPool [HikariPool-1 housekeeper] HikariPool-1 - Pool stats (total=5, active=0, idle=5, waiting=0)
2019-09-17 17:08:53,024 DEBUG com.zaxxer.hikari.pool.HikariPool [HikariPool-1 housekeeper] HikariPool-1 - Pool stats (total=5, active=0, idle=5, waiting=0)
2019-09-17 17:09:23,025 DEBUG com.zaxxer.hikari.pool.HikariPool [HikariPool-1 housekeeper] HikariPool-1 - Pool stats (total=5, active=0, idle=5, waiting=0)
2019-09-17 17:09:53,037 DEBUG com.zaxxer.hikari.pool.HikariPool [HikariPool-1 housekeeper] HikariPool-1 - Pool stats (total=5, active=0, idle=5, waiting=0)
2019-09-17 17:10:23,038 DEBUG com.zaxxer.hikari.pool.HikariPool [HikariPool-1 housekeeper] HikariPool-1 - Pool stats (total=5, active=0, idle=5, waiting=0)
2019-09-17 17:10:53,050 DEBUG com.zaxxer.hikari.pool.HikariPool [HikariPool-1 housekeeper] HikariPool-1 - Pool stats (total=5, active=0, idle=5, waiting=0)
2019-09-17 17:11:23,065 DEBUG com.zaxxer.hikari.pool.HikariPool [HikariPool-1 housekeeper] HikariPool-1 - Pool stats (total=5, active=0, idle=5, waiting=0)
2019-09-17 17:11:53,074 DEBUG com.zaxxer.hikari.pool.HikariPool [HikariPool-1 housekeeper] HikariPool-1 - Pool stats (total=5, active=0, idle=5, waiting=0)
2019-09-17 17:12:23,076 DEBUG com.zaxxer.hikari.pool.HikariPool [HikariPool-1 housekeeper] HikariPool-1 - Pool stats (total=5, active=0, idle=5, waiting=0)
2019-09-17 17:12:53,078 DEBUG com.zaxxer.hikari.pool.HikariPool [HikariPool-1 housekeeper] HikariPool-1 - Pool stats (total=5, active=0, idle=5, waiting=0)
2019-09-17 17:13:23,080 DEBUG com.zaxxer.hikari.pool.HikariPool [HikariPool-1 housekeeper] HikariPool-1 - Pool stats (total=5, active=0, idle=5, waiting=0)
2019-09-17 17:13:53,093 DEBUG com.zaxxer.hikari.pool.HikariPool [HikariPool-1 housekeeper] HikariPool-1 - Pool stats (total=5, active=0, idle=5, waiting=0)
2019-09-17 20:06:53,394 WARN com.zaxxer.hikari.pool.HikariPool [HikariPool-1 housekeeper] HikariPool-1 - Thread starvation or clock leap detected (housekeeper delta=2h53m15s322ms498µs100ns).
2019-09-17 20:06:53,394 DEBUG com.zaxxer.hikari.pool.HikariPool [HikariPool-1 housekeeper] HikariPool-1 - Pool stats (total=5, active=0, idle=5, waiting=0)
2019-09-17 20:06:53,394 DEBUG com.zaxxer.hikari.pool.PoolBase [HikariPool-1 connection closer] HikariPool-1 - Closing connection ConnectionID:11 ClientConnectionId: 74487cf1-cd9e-4d45-9ccc-4038d1414645: (connection has passed maxLifetime)
2019-09-17 20:06:53,394 DEBUG com.zaxxer.hikari.pool.PoolBase [HikariPool-1 connection closer] HikariPool-1 - Closing connection ConnectionID:13 ClientConnectionId: f24cfef8-9d0e-4403-8683-8134995fba28: (connection has passed maxLifetime)
2019-09-17 20:06:53,394 DEBUG com.zaxxer.hikari.pool.PoolBase [HikariPool-1 connection closer] HikariPool-1 - Closing connection ConnectionID:12 ClientConnectionId: 0051a7e1-fbb9-42ae-b201-3983de7b3925: (connection has passed maxLifetime)
2019-09-17 20:06:53,394 DEBUG com.zaxxer.hikari.pool.PoolBase [HikariPool-1 connection closer] HikariPool-1 - Closing connection ConnectionID:14 ClientConnectionId: b7d0555b-e9fb-4c9f-8a53-aa587d67769e: (connection has passed maxLifetime)
2019-09-17 20:06:53,394 DEBUG com.zaxxer.hikari.pool.PoolBase [HikariPool-1 connection closer] HikariPool-1 - Closing connection ConnectionID:15 ClientConnectionId: d9951700-697d-4f5d-be6c-61b493c6ce6b: (connection has passed maxLifetime)
2019-09-17 20:06:53,409 DEBUG com.zaxxer.hikari.pool.HikariPool [HikariPool-1 connection adder] HikariPool-1 - Added connection ConnectionID:16 ClientConnectionId: b8d1f729-54a9-4071-844d-ed81abc39228
2019-09-17 20:06:53,431 DEBUG com.zaxxer.hikari.pool.HikariPool [HikariPool-1 connection adder] HikariPool-1 - Added connection ConnectionID:17 ClientConnectionId: 86f60122-88d1-4ec9-a108-3550e02bf611
2019-09-17 20:06:53,447 DEBUG com.zaxxer.hikari.pool.HikariPool [HikariPool-1 connection adder] HikariPool-1 - Added connection ConnectionID:18 ClientConnectionId: e1d2af63-76d8-46d2-84da-f681e036bddb
2019-09-17 20:06:53,478 DEBUG com.zaxxer.hikari.pool.HikariPool [HikariPool-1 connection adder] HikariPool-1 - Added connection ConnectionID:19 ClientConnectionId: 11c46bf1-d631-4d02-beb5-b269be522805
2019-09-17 20:06:53,509 DEBUG com.zaxxer.hikari.pool.HikariPool [HikariPool-1 connection adder] HikariPool-1 - Added connection ConnectionID:20 ClientConnectionId: fef12e22-3927-4c25-a9d6-da4bd7d38bba
2019-09-17 20:33:52,212 WARN com.zaxxer.hikari.pool.HikariPool [HikariPool-1 housekeeper] HikariPool-1 - Thread starvation or clock leap detected (housekeeper delta=27m12s342ms994µs900ns).
2019-09-17 20:33:52,212 DEBUG com.zaxxer.hikari.pool.HikariPool [HikariPool-1 housekeeper] HikariPool-1 - Pool stats (total=5, active=0, idle=5, waiting=0)
2019-09-17 20:34:22,214 DEBUG com.zaxxer.hikari.pool.HikariPool [HikariPool-1 housekeeper] HikariPool-1 - Pool stats (total=5, active=0, idle=5, waiting=0)
2019-09-17 20:34:52,224 DEBUG com.zaxxer.hikari.pool.HikariPool [HikariPool-1 housekeeper] HikariPool-1 - Pool stats (total=5, active=0, idle=5, waiting=0)
2019-09-17 20:35:22,226 DEBUG com.zaxxer.hikari.pool.HikariPool [HikariPool-1 housekeeper] HikariPool-1 - Pool stats (total=5, active=0, idle=5, waiting=0)
2019-09-17 20:35:52,230 DEBUG com.zaxxer.hikari.pool.HikariPool [HikariPool-1 housekeeper] HikariPool-1 - Pool stats (total=5, active=0, idle=5, waiting=0)
2019-09-17 20:35:56,294 DEBUG com.zaxxer.hikari.pool.PoolBase [HikariPool-1 connection closer] HikariPool-1 - Closing connection ConnectionID:19 ClientConnectionId: 11c46bf1-d631-4d02-beb5-b269be522805: (connection has passed maxLifetime)
2019-09-17 20:35:56,332 DEBUG com.zaxxer.hikari.pool.HikariPool [HikariPool-1 connection adder] HikariPool-1 - Added connection ConnectionID:21 ClientConnectionId: 1b7b6c7a-d163-4f1e-b107-602b2277b13c
2019-09-17 20:35:56,544 DEBUG com.zaxxer.hikari.pool.PoolBase [HikariPool-1 connection closer] HikariPool-1 - Closing connection ConnectionID:17 ClientConnectionId: 86f60122-88d1-4ec9-a108-3550e02bf611: (connection has passed maxLifetime)
2019-09-17 20:35:56,572 DEBUG com.zaxxer.hikari.pool.HikariPool [HikariPool-1 connection adder] HikariPool-1 - Added connection ConnectionID:22 ClientConnectionId: 47ad4d1e-c0a8-4456-b45c-3203e53b5675
2019-09-17 20:36:09,150 DEBUG com.zaxxer.hikari.pool.PoolBase [HikariPool-1 connection closer] HikariPool-1 - Closing connection ConnectionID:16 ClientConnectionId: b8d1f729-54a9-4071-844d-ed81abc39228: (connection has passed maxLifetime)
2019-09-17 20:36:09,182 DEBUG com.zaxxer.hikari.pool.HikariPool [HikariPool-1 connection adder] HikariPool-1 - Added connection ConnectionID:23 ClientConnectionId: a901be72-cb40-47f5-bff0-b39ba20ffceb
2019-09-17 20:36:22,235 DEBUG com.zaxxer.hikari.pool.HikariPool [HikariPool-1 housekeeper] HikariPool-1 - Pool stats (total=5, active=0, idle=5, waiting=0)
2019-09-17 20:36:35,746 DEBUG com.zaxxer.hikari.pool.PoolBase [HikariPool-1 connection closer] HikariPool-1 - Closing connection ConnectionID:18 ClientConnectionId: e1d2af63-76d8-46d2-84da-f681e036bddb: (connection has passed maxLifetime)
2019-09-17 20:36:35,787 DEBUG com.zaxxer.hikari.pool.HikariPool [HikariPool-1 connection adder] HikariPool-1 - Added connection ConnectionID:24 ClientConnectionId: 0700c79c-66f3-40d8-9af4-73353280813f
2019-09-17 20:36:39,189 DEBUG com.zaxxer.hikari.pool.PoolBase [HikariPool-1 connection closer] HikariPool-1 - Closing connection ConnectionID:20 ClientConnectionId: fef12e22-3927-4c25-a9d6-da4bd7d38bba: (connection has passed maxLifetime)
2019-09-17 20:36:39,227 DEBUG com.zaxxer.hikari.pool.HikariPool [HikariPool-1 connection adder] HikariPool-1 - Added connection ConnectionID:25 ClientConnectionId: 9d9bb868-e9cb-44e9-a952-bc62e563872b
2019-09-17 20:36:52,235 DEBUG com.zaxxer.hikari.pool.HikariPool [HikariPool-1 housekeeper] HikariPool-1 - Pool stats (total=5, active=0, idle=5, waiting=0)
2019-09-17 20:37:22,240 DEBUG com.zaxxer.hikari.pool.HikariPool [HikariPool-1 housekeeper] HikariPool-1 - Pool stats (total=5, active=0, idle=5, waiting=0)
2019-09-17 20:37:52,254 DEBUG com.zaxxer.hikari.pool.HikariPool [HikariPool-1 housekeeper] HikariPool-1 - Pool stats (total=5, active=0, idle=5, waiting=0)
2019-09-17 20:38:22,267 DEBUG com.zaxxer.hikari.pool.HikariPool [HikariPool-1 housekeeper] HikariPool-1 - Pool stats (total=5, active=0, idle=5, waiting=0)
2019-09-17 20:38:52,279 DEBUG com.zaxxer.hikari.pool.HikariPool [HikariPool-1 housekeeper] HikariPool-1 - Pool stats (total=5, active=0, idle=5, waiting=0)
2019-09-17 20:39:22,300 DEBUG com.zaxxer.hikari.pool.HikariPool [HikariPool-1 housekeeper] HikariPool-1 - Pool stats (total=5, active=0, idle=5, waiting=0)
2019-09-17 20:39:52,315 DEBUG com.zaxxer.hikari.pool.HikariPool [HikariPool-1 housekeeper] HikariPool-1 - Pool stats (total=5, active=0, idle=5, waiting=0)
2019-09-17 20:40:22,327 DEBUG com.zaxxer.hikari.pool.HikariPool [HikariPool-1 housekeeper] HikariPool-1 - Pool stats (total=5, active=0, idle=5, waiting=0)
2019-09-17 20:40:52,355 DEBUG com.zaxxer.hikari.pool.HikariPool [HikariPool-1 housekeeper] HikariPool-1 - Pool stats (total=5, active=0, idle=5, waiting=0)
2019-09-17 20:41:22,376 DEBUG com.zaxxer.hikari.pool.HikariPool [HikariPool-1 housekeeper] HikariPool-1 - Pool stats (total=5, active=0, idle=5, waiting=0)
2019-09-17 20:41:52,379 DEBUG com.zaxxer.hikari.pool.HikariPool [HikariPool-1 housekeeper] HikariPool-1 - Pool stats (total=5, active=0, idle=5, waiting=0)
2019-09-17 20:42:22,395 DEBUG com.zaxxer.hikari.pool.HikariPool [HikariPool-1 housekeeper] HikariPool-1 - Pool stats (total=5, active=0, idle=5, waiting=0)
2019-09-17 20:42:52,419 DEBUG com.zaxxer.hikari.pool.HikariPool [HikariPool-1 housekeeper] HikariPool-1 - Pool stats (total=5, active=0, idle=5, waiting=0)
2019-09-17 20:43:22,422 DEBUG com.zaxxer.hikari.pool.HikariPool [HikariPool-1 housekeeper] HikariPool-1 - Pool stats (total=5, active=0, idle=5, waiting=0)
2019-09-17 20:43:52,437 DEBUG com.zaxxer.hikari.pool.HikariPool [HikariPool-1 housekeeper] HikariPool-1 - Pool stats (total=5, active=0, idle=5, waiting=0)
2019-09-17 20:44:22,441 DEBUG com.zaxxer.hikari.pool.HikariPool [HikariPool-1 housekeeper] HikariPool-1 - Pool stats (total=5, active=0, idle=5, waiting=0)
2019-09-17 20:44:52,445 DEBUG com.zaxxer.hikari.pool.HikariPool [HikariPool-1 housekeeper] HikariPool-1 - Pool stats (total=5, active=0, idle=5, waiting=0)
2019-09-17 20:45:22,451 DEBUG com.zaxxer.hikari.pool.HikariPool [HikariPool-1 housekeeper] HikariPool-1 - Pool stats (total=5, active=0, idle=5, waiting=0)
2019-09-17 20:45:52,459 DEBUG com.zaxxer.hikari.pool.HikariPool [HikariPool-1 housekeeper] HikariPool-1 - Pool stats (total=5, active=0, idle=5, waiting=0)
2019-09-17 20:46:22,463 DEBUG com.zaxxer.hikari.pool.HikariPool [HikariPool-1 housekeeper] HikariPool-1 - Pool stats (total=5, active=0, idle=5, waiting=0)
2019-09-17 20:46:52,471 DEBUG com.zaxxer.hikari.pool.HikariPool [HikariPool-1 housekeeper] HikariPool-1 - Pool stats (total=5, active=0, idle=5, waiting=0)
2019-09-17 20:47:22,472 DEBUG com.zaxxer.hikari.pool.HikariPool [HikariPool-1 housekeeper] HikariPool-1 - Pool stats (total=5, active=0, idle=5, waiting=0)
2019-09-17 20:47:52,478 DEBUG com.zaxxer.hikari.pool.HikariPool [HikariPool-1 housekeeper] HikariPool-1 - Pool stats (total=5, active=0, idle=5, waiting=0)
2019-09-17 20:48:22,479 DEBUG com.zaxxer.hikari.pool.HikariPool [HikariPool-1 housekeeper] HikariPool-1 - Pool stats (total=5, active=0, idle=5, waiting=0)
2019-09-17 20:48:52,482 DEBUG com.zaxxer.hikari.pool.HikariPool [HikariPool-1 housekeeper] HikariPool-1 - Pool stats (total=5, active=0, idle=5, waiting=0)
2019-09-17 20:49:22,484 DEBUG com.zaxxer.hikari.pool.HikariPool [HikariPool-1 housekeeper] HikariPool-1 - Pool stats (total=5, active=0, idle=5, waiting=0)
2019-09-17 20:49:52,491 DEBUG com.zaxxer.hikari.pool.HikariPool [HikariPool-1 housekeeper] HikariPool-1 - Pool stats (total=5, active=0, idle=5, waiting=0)
2019-09-17 20:50:22,497 DEBUG com.zaxxer.hikari.pool.HikariPool [HikariPool-1 housekeeper] HikariPool-1 - Pool stats (total=5, active=0, idle=5, waiting=0)
2019-09-17 20:50:52,502 DEBUG com.zaxxer.hikari.pool.HikariPool [HikariPool-1 housekeeper] HikariPool-1 - Pool stats (total=5, active=0, idle=5, waiting=0)
2019-09-17 20:51:22,506 DEBUG com.zaxxer.hikari.pool.HikariPool [HikariPool-1 housekeeper] HikariPool-1 - Pool stats (total=5, active=0, idle=5, waiting=0)
2019-09-17 20:51:52,511 DEBUG com.zaxxer.hikari.pool.HikariPool [HikariPool-1 housekeeper] HikariPool-1 - Pool stats (total=5, active=0, idle=5, waiting=0)
2019-09-17 20:52:22,515 DEBUG com.zaxxer.hikari.pool.HikariPool [HikariPool-1 housekeeper] HikariPool-1 - Pool stats (total=5, active=0, idle=5, waiting=0)
2019-09-17 20:52:52,517 DEBUG com.zaxxer.hikari.pool.HikariPool [HikariPool-1 housekeeper] HikariPool-1 - Pool stats (total=5, active=0, idle=5, waiting=0)
2019-09-17 20:53:22,530 DEBUG com.zaxxer.hikari.pool.HikariPool [HikariPool-1 housekeeper] HikariPool-1 - Pool stats (total=5, active=0, idle=5, waiting=0)
2019-09-17 20:53:52,536 DEBUG com.zaxxer.hikari.pool.HikariPool [HikariPool-1 housekeeper] HikariPool-1 - Pool stats (total=5, active=0, idle=5, waiting=0)
2019-09-17 20:54:22,541 DEBUG com.zaxxer.hikari.pool.HikariPool [HikariPool-1 housekeeper] HikariPool-1 - Pool stats (total=5, active=0, idle=5, waiting=0)
2019-09-17 20:54:52,544 DEBUG com.zaxxer.hikari.pool.HikariPool [HikariPool-1 housekeeper] HikariPool-1 - Pool stats (total=5, active=0, idle=5, waiting=0)
2019-09-17 20:55:22,549 DEBUG com.zaxxer.hikari.pool.HikariPool [HikariPool-1 housekeeper] HikariPool-1 - Pool stats (total=5, active=0, idle=5, waiting=0)
2019-09-17 20:55:52,554 DEBUG com.zaxxer.hikari.pool.HikariPool [HikariPool-1 housekeeper] HikariPool-1 - Pool stats (total=5, active=0, idle=5, waiting=0)
2019-09-17 20:56:22,557 DEBUG com.zaxxer.hikari.pool.HikariPool [HikariPool-1 housekeeper] HikariPool-1 - Pool stats (total=5, active=0, idle=5, waiting=0)
2019-09-17 20:56:52,562 DEBUG com.zaxxer.hikari.pool.HikariPool [HikariPool-1 housekeeper] HikariPool-1 - Pool stats (total=5, active=0, idle=5, waiting=0)
2019-09-17 20:57:22,567 DEBUG com.zaxxer.hikari.pool.HikariPool [HikariPool-1 housekeeper] HikariPool-1 - Pool stats (total=5, active=0, idle=5, waiting=0)
2019-09-17 20:57:52,574 DEBUG com.zaxxer.hikari.pool.HikariPool [HikariPool-1 housekeeper] HikariPool-1 - Pool stats (total=5, active=0, idle=5, waiting=0)
2019-09-17 20:58:22,578 DEBUG com.zaxxer.hikari.pool.HikariPool [HikariPool-1 housekeeper] HikariPool-1 - Pool stats (total=5, active=0, idle=5, waiting=0)
2019-09-17 20:58:52,581 DEBUG com.zaxxer.hikari.pool.HikariPool [HikariPool-1 housekeeper] HikariPool-1 - Pool stats (total=5, active=0, idle=5, waiting=0)
2019-09-17 20:59:22,585 DEBUG com.zaxxer.hikari.pool.HikariPool [HikariPool-1 housekeeper] HikariPool-1 - Pool stats (total=5, active=0, idle=5, waiting=0)
2019-09-17 20:59:52,586 DEBUG com.zaxxer.hikari.pool.HikariPool [HikariPool-1 housekeeper] HikariPool-1 - Pool stats (total=5, active=0, idle=5, waiting=0)
2019-09-17 21:00:22,588 DEBUG com.zaxxer.hikari.pool.HikariPool [HikariPool-1 housekeeper] HikariPool-1 - Pool stats (total=5, active=0, idle=5, waiting=0)
2019-09-17 21:00:52,593 DEBUG com.zaxxer.hikari.pool.HikariPool [HikariPool-1 housekeeper] HikariPool-1 - Pool stats (total=5, active=0, idle=5, waiting=0)
2019-09-17 21:01:22,606 DEBUG com.zaxxer.hikari.pool.HikariPool [HikariPool-1 housekeeper] HikariPool-1 - Pool stats (total=5, active=0, idle=5, waiting=0)
2019-09-17 21:01:52,608 DEBUG com.zaxxer.hikari.pool.HikariPool [HikariPool-1 housekeeper] HikariPool-1 - Pool stats (total=5, active=0, idle=5, waiting=0)
2019-09-17 21:02:22,612 DEBUG com.zaxxer.hikari.pool.HikariPool [HikariPool-1 housekeeper] HikariPool-1 - Pool stats (total=5, active=0, idle=5, waiting=0)
2019-09-17 21:02:52,614 DEBUG com.zaxxer.hikari.pool.HikariPool [HikariPool-1 housekeeper] HikariPool-1 - Pool stats (total=5, active=0, idle=5, waiting=0)
2019-09-17 21:03:22,616 DEBUG com.zaxxer.hikari.pool.HikariPool [HikariPool-1 housekeeper] HikariPool-1 - Pool stats (total=5, active=0, idle=5, waiting=0)
2019-09-17 21:03:52,617 DEBUG com.zaxxer.hikari.pool.HikariPool [HikariPool-1 housekeeper] HikariPool-1 - Pool stats (total=5, active=0, idle=5, waiting=0)
2019-09-17 21:04:22,622 DEBUG com.zaxxer.hikari.pool.HikariPool [HikariPool-1 housekeeper] HikariPool-1 - Pool stats (total=5, active=0, idle=5, waiting=0)
2019-09-17 21:04:52,625 DEBUG com.zaxxer.hikari.pool.HikariPool [HikariPool-1 housekeeper] HikariPool-1 - Pool stats (total=5, active=0, idle=5, waiting=0)
2019-09-17 21:05:17,036 DEBUG com.zaxxer.hikari.pool.PoolBase [HikariPool-1 connection closer] HikariPool-1 - Closing connection ConnectionID:22 ClientConnectionId: 47ad4d1e-c0a8-4456-b45c-3203e53b5675: (connection has passed maxLifetime)
2019-09-17 21:05:17,115 DEBUG com.zaxxer.hikari.pool.HikariPool [HikariPool-1 connection adder] HikariPool-1 - Added connection ConnectionID:26 ClientConnectionId: ab4fa956-35c1-47c8-8429-689a45aafa8c
2019-09-17 21:05:22,630 DEBUG com.zaxxer.hikari.pool.HikariPool [HikariPool-1 housekeeper] HikariPool-1 - Pool stats (total=5, active=0, idle=5, waiting=0)
2019-09-17 21:05:25,107 DEBUG com.zaxxer.hikari.pool.PoolBase [HikariPool-1 connection closer] HikariPool-1 - Closing connection ConnectionID:21 ClientConnectionId: 1b7b6c7a-d163-4f1e-b107-602b2277b13c: (connection has passed maxLifetime)
2019-09-17 21:05:25,172 DEBUG com.zaxxer.hikari.pool.HikariPool [HikariPool-1 connection adder] HikariPool-1 - Added connection ConnectionID:27 ClientConnectionId: 4d7908dc-de43-4492-81ae-d824a0df80e0
2019-09-17 21:05:34,719 DEBUG com.zaxxer.hikari.pool.PoolBase [HikariPool-1 connection closer] HikariPool-1 - Closing connection ConnectionID:23 ClientConnectionId: a901be72-cb40-47f5-bff0-b39ba20ffceb: (connection has passed maxLifetime)
2019-09-17 21:05:34,783 DEBUG com.zaxxer.hikari.pool.HikariPool [HikariPool-1 connection adder] HikariPool-1 - Added connection ConnectionID:28 ClientConnectionId: 77f0b5c5-a40b-4804-8ddf-0536edc25285
2019-09-17 21:05:52,636 DEBUG com.zaxxer.hikari.pool.HikariPool [HikariPool-1 housekeeper] HikariPool-1 - Pool stats (total=5, active=0, idle=5, waiting=0)
2019-09-17 21:05:57,350 DEBUG com.zaxxer.hikari.pool.PoolBase [HikariPool-1 connection closer] HikariPool-1 - Closing connection ConnectionID:25 ClientConnectionId: 9d9bb868-e9cb-44e9-a952-bc62e563872b: (connection has passed maxLifetime)
2019-09-17 21:05:57,424 DEBUG com.zaxxer.hikari.pool.HikariPool [HikariPool-1 connection adder] HikariPool-1 - Added connection ConnectionID:29 ClientConnectionId: b15ca903-7c65-466f-aaf6-898b606c0d51
2019-09-17 21:06:08,264 DEBUG com.zaxxer.hikari.pool.PoolBase [HikariPool-1 connection closer] HikariPool-1 - Closing connection ConnectionID:24 ClientConnectionId: 0700c79c-66f3-40d8-9af4-73353280813f: (connection has passed maxLifetime)
2019-09-17 21:06:08,334 DEBUG com.zaxxer.hikari.pool.HikariPool [HikariPool-1 connection adder] HikariPool-1 - Added connection ConnectionID:30 ClientConnectionId: a57dbbb1-a496-42fb-b96c-11c413bd941c
2019-09-17 21:06:22,639 DEBUG com.zaxxer.hikari.pool.HikariPool [HikariPool-1 housekeeper] HikariPool-1 - Pool stats (total=5, active=0, idle=5, waiting=0)
2019-09-17 21:06:52,643 DEBUG com.zaxxer.hikari.pool.HikariPool [HikariPool-1 housekeeper] HikariPool-1 - Pool stats (total=5, active=0, idle=5, waiting=0)
2019-09-17 21:07:22,648 DEBUG com.zaxxer.hikari.pool.HikariPool [HikariPool-1 housekeeper] HikariPool-1 - Pool stats (total=5, active=0, idle=5, waiting=0)
2019-09-17 21:07:52,655 DEBUG com.zaxxer.hikari.pool.HikariPool [HikariPool-1 housekeeper] HikariPool-1 - Pool stats (total=5, active=0, idle=5, waiting=0)
2019-09-17 21:08:22,659 DEBUG com.zaxxer.hikari.pool.HikariPool [HikariPool-1 housekeeper] HikariPool-1 - Pool stats (total=5, active=0, idle=5, waiting=0)
2019-09-17 21:08:52,664 DEBUG com.zaxxer.hikari.pool.HikariPool [HikariPool-1 housekeeper] HikariPool-1 - Pool stats (total=5, active=0, idle=5, waiting=0)
2019-09-17 21:09:22,666 DEBUG com.zaxxer.hikari.pool.HikariPool [HikariPool-1 housekeeper] HikariPool-1 - Pool stats (total=5, active=0, idle=5, waiting=0)
2019-09-17 21:09:52,669 DEBUG com.zaxxer.hikari.pool.HikariPool [HikariPool-1 housekeeper] HikariPool-1 - Pool stats (total=5, active=0, idle=5, waiting=0)
2019-09-17 21:10:22,671 DEBUG com.zaxxer.hikari.pool.HikariPool [HikariPool-1 housekeeper] HikariPool-1 - Pool stats (total=5, active=0, idle=5, waiting=0)
2019-09-17 21:10:52,673 DEBUG com.zaxxer.hikari.pool.HikariPool [HikariPool-1 housekeeper] HikariPool-1 - Pool stats (total=5, active=0, idle=5, waiting=0)
2019-09-17 21:11:22,678 DEBUG com.zaxxer.hikari.pool.HikariPool [HikariPool-1 housekeeper] HikariPool-1 - Pool stats (total=5, active=0, idle=5, waiting=0)
2019-09-17 21:11:52,683 DEBUG com.zaxxer.hikari.pool.HikariPool [HikariPool-1 housekeeper] HikariPool-1 - Pool stats (total=5, active=0, idle=5, waiting=0)
2019-09-17 21:12:22,686 DEBUG com.zaxxer.hikari.pool.HikariPool [HikariPool-1 housekeeper] HikariPool-1 - Pool stats (total=5, active=0, idle=5, waiting=0)
2019-09-17 21:12:52,692 DEBUG com.zaxxer.hikari.pool.HikariPool [HikariPool-1 housekeeper] HikariPool-1 - Pool stats (total=5, active=0, idle=5, waiting=0)
2019-09-17 21:13:22,693 DEBUG com.zaxxer.hikari.pool.HikariPool [HikariPool-1 housekeeper] HikariPool-1 - Pool stats (total=5, active=0, idle=5, waiting=0)
2019-09-17 21:13:52,697 DEBUG com.zaxxer.hikari.pool.HikariPool [HikariPool-1 housekeeper] HikariPool-1 - Pool stats (total=5, active=0, idle=5, waiting=0)
2019-09-17 21:14:22,700 DEBUG com.zaxxer.hikari.pool.HikariPool [HikariPool-1 housekeeper] HikariPool-1 - Pool stats (total=5, active=0, idle=5, waiting=0)
2019-09-17 21:14:52,704 DEBUG com.zaxxer.hikari.pool.HikariPool [HikariPool-1 housekeeper] HikariPool-1 - Pool stats (total=5, active=0, idle=5, waiting=0)
2019-09-17 21:15:22,706 DEBUG com.zaxxer.hikari.pool.HikariPool [HikariPool-1 housekeeper] HikariPool-1 - Pool stats (total=5, active=0, idle=5, waiting=0)
2019-09-17 21:15:52,710 DEBUG com.zaxxer.hikari.pool.HikariPool [HikariPool-1 housekeeper] HikariPool-1 - Pool stats (total=5, active=0, idle=5, waiting=0)
2019-09-17 21:16:22,711 DEBUG com.zaxxer.hikari.pool.HikariPool [HikariPool-1 housekeeper] HikariPool-1 - Pool stats (total=5, active=0, idle=5, waiting=0)
2019-09-17 21:16:52,716 DEBUG com.zaxxer.hikari.pool.HikariPool [HikariPool-1 housekeeper] HikariPool-1 - Pool stats (total=5, active=0, idle=5, waiting=0)
2019-09-17 21:17:22,720 DEBUG com.zaxxer.hikari.pool.HikariPool [HikariPool-1 housekeeper] HikariPool-1 - Pool stats (total=5, active=0, idle=5, waiting=0)
2019-09-17 21:17:52,722 DEBUG com.zaxxer.hikari.pool.HikariPool [HikariPool-1 housekeeper] HikariPool-1 - Pool stats (total=5, active=0, idle=5, waiting=0)
2019-09-17 21:18:22,731 DEBUG com.zaxxer.hikari.pool.HikariPool [HikariPool-1 housekeeper] HikariPool-1 - Pool stats (total=5, active=0, idle=5, waiting=0)
2019-09-17 21:18:52,732 DEBUG com.zaxxer.hikari.pool.HikariPool [HikariPool-1 housekeeper] HikariPool-1 - Pool stats (total=5, active=0, idle=5, waiting=0)
2019-09-17 21:19:22,733 DEBUG com.zaxxer.hikari.pool.HikariPool [HikariPool-1 housekeeper] HikariPool-1 - Pool stats (total=5, active=0, idle=5, waiting=0)
2019-09-17 21:19:52,738 DEBUG com.zaxxer.hikari.pool.HikariPool [HikariPool-1 housekeeper] HikariPool-1 - Pool stats (total=5, active=0, idle=5, waiting=0)
2019-09-17 21:20:22,744 DEBUG com.zaxxer.hikari.pool.HikariPool [HikariPool-1 housekeeper] HikariPool-1 - Pool stats (total=5, active=0, idle=5, waiting=0)
2019-09-17 21:20:52,747 DEBUG com.zaxxer.hikari.pool.HikariPool [HikariPool-1 housekeeper] HikariPool-1 - Pool stats (total=5, active=0, idle=5, waiting=0)
2019-09-17 21:21:22,749 DEBUG com.zaxxer.hikari.pool.HikariPool [HikariPool-1 housekeeper] HikariPool-1 - Pool stats (total=5, active=0, idle=5, waiting=0)
2019-09-17 21:21:52,750 DEBUG com.zaxxer.hikari.pool.HikariPool [HikariPool-1 housekeeper] HikariPool-1 - Pool stats (total=5, active=0, idle=5, waiting=0)
2019-09-17 21:22:22,755 DEBUG com.zaxxer.hikari.pool.HikariPool [HikariPool-1 housekeeper] HikariPool-1 - Pool stats (total=5, active=0, idle=5, waiting=0)
2019-09-17 21:22:52,758 DEBUG com.zaxxer.hikari.pool.HikariPool [HikariPool-1 housekeeper] HikariPool-1 - Pool stats (total=5, active=0, idle=5, waiting=0)
2019-09-17 21:23:22,763 DEBUG com.zaxxer.hikari.pool.HikariPool [HikariPool-1 housekeeper] HikariPool-1 - Pool stats (total=5, active=0, idle=5, waiting=0)
2019-09-17 21:23:52,768 DEBUG com.zaxxer.hikari.pool.HikariPool [HikariPool-1 housekeeper] HikariPool-1 - Pool stats (total=5, active=0, idle=5, waiting=0)
2019-09-17 21:24:22,771 DEBUG com.zaxxer.hikari.pool.HikariPool [HikariPool-1 housekeeper] HikariPool-1 - Pool stats (total=5, active=0, idle=5, waiting=0)
2019-09-17 21:24:52,776 DEBUG com.zaxxer.hikari.pool.HikariPool [HikariPool-1 housekeeper] HikariPool-1 - Pool stats (total=5, active=0, idle=5, waiting=0)
2019-09-17 21:25:22,777 DEBUG com.zaxxer.hikari.pool.HikariPool [HikariPool-1 housekeeper] HikariPool-1 - Pool stats (total=5, active=0, idle=5, waiting=0)
2019-09-17 21:25:52,780 DEBUG com.zaxxer.hikari.pool.HikariPool [HikariPool-1 housekeeper] HikariPool-1 - Pool stats (total=5, active=0, idle=5, waiting=0)
2019-09-17 21:26:22,782 DEBUG com.zaxxer.hikari.pool.HikariPool [HikariPool-1 housekeeper] HikariPool-1 - Pool stats (total=5, active=0, idle=5, waiting=0)
2019-09-17 21:26:52,788 DEBUG com.zaxxer.hikari.pool.HikariPool [HikariPool-1 housekeeper] HikariPool-1 - Pool stats (total=5, active=0, idle=5, waiting=0)
2019-09-17 21:27:22,789 DEBUG com.zaxxer.hikari.pool.HikariPool [HikariPool-1 housekeeper] HikariPool-1 - Pool stats (total=5, active=0, idle=5, waiting=0)
2019-09-17 21:27:52,792 DEBUG com.zaxxer.hikari.pool.HikariPool [HikariPool-1 housekeeper] HikariPool-1 - Pool stats (total=5, active=0, idle=5, waiting=0)
2019-09-17 21:28:22,795 DEBUG com.zaxxer.hikari.pool.HikariPool [HikariPool-1 housekeeper] HikariPool-1 - Pool stats (total=5, active=0, idle=5, waiting=0)
2019-09-17 21:28:52,800 DEBUG com.zaxxer.hikari.pool.HikariPool [HikariPool-1 housekeeper] HikariPool-1 - Pool stats (total=5, active=0, idle=5, waiting=0)
2019-09-17 21:29:22,804 DEBUG com.zaxxer.hikari.pool.HikariPool [HikariPool-1 housekeeper] HikariPool-1 - Pool stats (total=5, active=0, idle=5, waiting=0)
2019-09-17 21:29:52,809 DEBUG com.zaxxer.hikari.pool.HikariPool [HikariPool-1 housekeeper] HikariPool-1 - Pool stats (total=5, active=0, idle=5, waiting=0)
2019-09-17 21:30:22,812 DEBUG com.zaxxer.hikari.pool.HikariPool [HikariPool-1 housekeeper] HikariPool-1 - Pool stats (total=5, active=0, idle=5, waiting=0)
2019-09-17 21:30:52,817 DEBUG com.zaxxer.hikari.pool.HikariPool [HikariPool-1 housekeeper] HikariPool-1 - Pool stats (total=5, active=0, idle=5, waiting=0)
2019-09-17 21:31:22,820 DEBUG com.zaxxer.hikari.pool.HikariPool [HikariPool-1 housekeeper] HikariPool-1 - Pool stats (total=5, active=0, idle=5, waiting=0)
2019-09-17 21:31:52,822 DEBUG com.zaxxer.hikari.pool.HikariPool [HikariPool-1 housekeeper] HikariPool-1 - Pool stats (total=5, active=0, idle=5, waiting=0)
2019-09-17 21:32:22,831 DEBUG com.zaxxer.hikari.pool.HikariPool [HikariPool-1 housekeeper] HikariPool-1 - Pool stats (total=5, active=0, idle=5, waiting=0)
2019-09-17 21:32:52,833 DEBUG com.zaxxer.hikari.pool.HikariPool [HikariPool-1 housekeeper] HikariPool-1 - Pool stats (total=5, active=0, idle=5, waiting=0)
2019-09-17 21:33:22,839 DEBUG com.zaxxer.hikari.pool.HikariPool [HikariPool-1 housekeeper] HikariPool-1 - Pool stats (total=5, active=0, idle=5, waiting=0)
2019-09-17 21:33:52,845 DEBUG com.zaxxer.hikari.pool.HikariPool [HikariPool-1 housekeeper] HikariPool-1 - Pool stats (total=5, active=0, idle=5, waiting=0)
2019-09-17 21:34:22,847 DEBUG com.zaxxer.hikari.pool.HikariPool [HikariPool-1 housekeeper] HikariPool-1 - Pool stats (total=5, active=0, idle=5, waiting=0)
2019-09-17 21:34:46,099 DEBUG com.zaxxer.hikari.pool.PoolBase [HikariPool-1 connection closer] HikariPool-1 - Closing connection ConnectionID:27 ClientConnectionId: 4d7908dc-de43-4492-81ae-d824a0df80e0: (connection has passed maxLifetime)
2019-09-17 21:34:46,166 DEBUG com.zaxxer.hikari.pool.HikariPool [HikariPool-1 connection adder] HikariPool-1 - Added connection ConnectionID:31 ClientConnectionId: f9f11910-fec6-4197-a176-be9429ab24ed
2019-09-17 21:34:52,857 DEBUG com.zaxxer.hikari.pool.HikariPool [HikariPool-1 housekeeper] HikariPool-1 - Pool stats (total=5, active=0, idle=5, waiting=0)
2019-09-17 21:34:55,380 DEBUG com.zaxxer.hikari.pool.PoolBase [HikariPool-1 connection closer] HikariPool-1 - Closing connection ConnectionID:26 ClientConnectionId: ab4fa956-35c1-47c8-8429-689a45aafa8c: (connection has passed maxLifetime)
2019-09-17 21:34:55,447 DEBUG com.zaxxer.hikari.pool.HikariPool [HikariPool-1 connection adder] HikariPool-1 - Added connection ConnectionID:32 ClientConnectionId: 31f62fe8-af77-4328-850e-87c2f3f65208
2019-09-17 21:35:02,495 DEBUG com.zaxxer.hikari.pool.PoolBase [HikariPool-1 connection closer] HikariPool-1 - Closing connection ConnectionID:28 ClientConnectionId: 77f0b5c5-a40b-4804-8ddf-0536edc25285: (connection has passed maxLifetime)
2019-09-17 21:35:02,542 DEBUG com.zaxxer.hikari.pool.HikariPool [HikariPool-1 connection adder] HikariPool-1 - Added connection ConnectionID:33 ClientConnectionId: 25ffbdc2-9024-4cf7-8498-7a27c369ecfe
2019-09-17 21:35:22,860 DEBUG com.zaxxer.hikari.pool.HikariPool [HikariPool-1 housekeeper] HikariPool-1 - Pool stats (total=5, active=0, idle=5, waiting=0)
2019-09-17 21:35:35,948 DEBUG com.zaxxer.hikari.pool.PoolBase [HikariPool-1 connection closer] HikariPool-1 - Closing connection ConnectionID:29 ClientConnectionId: b15ca903-7c65-466f-aaf6-898b606c0d51: (connection has passed maxLifetime)
2019-09-17 21:35:36,018 DEBUG com.zaxxer.hikari.pool.HikariPool [HikariPool-1 connection adder] HikariPool-1 - Added connection ConnectionID:34 ClientConnectionId: a7841ceb-9608-43a0-b63a-647efbc3428b
2019-09-17 21:35:39,498 DEBUG com.zaxxer.hikari.pool.PoolBase [HikariPool-1 connection closer] HikariPool-1 - Closing connection ConnectionID:30 ClientConnectionId: a57dbbb1-a496-42fb-b96c-11c413bd941c: (connection has passed maxLifetime)
2019-09-17 21:35:39,560 DEBUG com.zaxxer.hikari.pool.HikariPool [HikariPool-1 connection adder] HikariPool-1 - Added connection ConnectionID:35 ClientConnectionId: dcfa8c08-fe52-4ca3-ac0d-3d1a3d06997e
2019-09-17 21:35:52,861 DEBUG com.zaxxer.hikari.pool.HikariPool [HikariPool-1 housekeeper] HikariPool-1 - Pool stats (total=5, active=0, idle=5, waiting=0)
2019-09-17 21:36:22,865 DEBUG com.zaxxer.hikari.pool.HikariPool [HikariPool-1 housekeeper] HikariPool-1 - Pool stats (total=5, active=0, idle=5, waiting=0)
2019-09-17 21:36:52,868 DEBUG com.zaxxer.hikari.pool.HikariPool [HikariPool-1 housekeeper] HikariPool-1 - Pool stats (total=5, active=0, idle=5, waiting=0)
2019-09-17 21:37:22,869 DEBUG com.zaxxer.hikari.pool.HikariPool [HikariPool-1 housekeeper] HikariPool-1 - Pool stats (total=5, active=0, idle=5, waiting=0)
2019-09-17 21:37:52,874 DEBUG com.zaxxer.hikari.pool.HikariPool [HikariPool-1 housekeeper] HikariPool-1 - Pool stats (total=5, active=0, idle=5, waiting=0)
2019-09-17 21:38:22,878 DEBUG com.zaxxer.hikari.pool.HikariPool [HikariPool-1 housekeeper] HikariPool-1 - Pool stats (total=5, active=0, idle=5, waiting=0)
2019-09-17 21:38:52,880 DEBUG com.zaxxer.hikari.pool.HikariPool [HikariPool-1 housekeeper] HikariPool-1 - Pool stats (total=5, active=0, idle=5, waiting=0)
2019-09-17 21:39:22,884 DEBUG com.zaxxer.hikari.pool.HikariPool [HikariPool-1 housekeeper] HikariPool-1 - Pool stats (total=5, active=0, idle=5, waiting=0)
2019-09-17 21:39:52,888 DEBUG com.zaxxer.hikari.pool.HikariPool [HikariPool-1 housekeeper] HikariPool-1 - Pool stats (total=5, active=0, idle=5, waiting=0)
2019-09-17 21:40:22,894 DEBUG com.zaxxer.hikari.pool.HikariPool [HikariPool-1 housekeeper] HikariPool-1 - Pool stats (total=5, active=0, idle=5, waiting=0)
2019-09-17 21:40:52,903 DEBUG com.zaxxer.hikari.pool.HikariPool [HikariPool-1 housekeeper] HikariPool-1 - Pool stats (total=5, active=0, idle=5, waiting=0)
2019-09-17 21:41:22,906 DEBUG com.zaxxer.hikari.pool.HikariPool [HikariPool-1 housekeeper] HikariPool-1 - Pool stats (total=5, active=0, idle=5, waiting=0)
2019-09-17 21:41:52,909 DEBUG com.zaxxer.hikari.pool.HikariPool [HikariPool-1 housekeeper] HikariPool-1 - Pool stats (total=5, active=0, idle=5, waiting=0)
2019-09-17 21:42:22,913 DEBUG com.zaxxer.hikari.pool.HikariPool [HikariPool-1 housekeeper] HikariPool-1 - Pool stats (total=5, active=0, idle=5, waiting=0)
2019-09-17 21:42:52,917 DEBUG com.zaxxer.hikari.pool.HikariPool [HikariPool-1 housekeeper] HikariPool-1 - Pool stats (total=5, active=0, idle=5, waiting=0)
2019-09-17 21:43:22,920 DEBUG com.zaxxer.hikari.pool.HikariPool [HikariPool-1 housekeeper] HikariPool-1 - Pool stats (total=5, active=0, idle=5, waiting=0)
2019-09-17 21:43:52,930 DEBUG com.zaxxer.hikari.pool.HikariPool [HikariPool-1 housekeeper] HikariPool-1 - Pool stats (total=5, active=0, idle=5, waiting=0)
2019-09-17 21:44:22,932 DEBUG com.zaxxer.hikari.pool.HikariPool [HikariPool-1 housekeeper] HikariPool-1 - Pool stats (total=5, active=0, idle=5, waiting=0)
2019-09-17 21:44:52,934 DEBUG com.zaxxer.hikari.pool.HikariPool [HikariPool-1 housekeeper] HikariPool-1 - Pool stats (total=5, active=0, idle=5, waiting=0)
2019-09-17 21:45:22,940 DEBUG com.zaxxer.hikari.pool.HikariPool [HikariPool-1 housekeeper] HikariPool-1 - Pool stats (total=5, active=0, idle=5, waiting=0)
2019-09-17 21:45:52,943 DEBUG com.zaxxer.hikari.pool.HikariPool [HikariPool-1 housekeeper] HikariPool-1 - Pool stats (total=5, active=0, idle=5, waiting=0)
2019-09-17 21:46:22,947 DEBUG com.zaxxer.hikari.pool.HikariPool [HikariPool-1 housekeeper] HikariPool-1 - Pool stats (total=5, active=0, idle=5, waiting=0)
2019-09-17 21:46:52,950 DEBUG com.zaxxer.hikari.pool.HikariPool [HikariPool-1 housekeeper] HikariPool-1 - Pool stats (total=5, active=0, idle=5, waiting=0)
2019-09-17 21:47:22,953 DEBUG com.zaxxer.hikari.pool.HikariPool [HikariPool-1 housekeeper] HikariPool-1 - Pool stats (total=5, active=0, idle=5, waiting=0)
2019-09-17 21:47:52,956 DEBUG com.zaxxer.hikari.pool.HikariPool [HikariPool-1 housekeeper] HikariPool-1 - Pool stats (total=5, active=0, idle=5, waiting=0)
2019-09-17 21:48:22,958 DEBUG com.zaxxer.hikari.pool.HikariPool [HikariPool-1 housekeeper] HikariPool-1 - Pool stats (total=5, active=0, idle=5, waiting=0)
2019-09-17 21:48:52,960 DEBUG com.zaxxer.hikari.pool.HikariPool [HikariPool-1 housekeeper] HikariPool-1 - Pool stats (total=5, active=0, idle=5, waiting=0)
2019-09-17 21:49:22,971 DEBUG com.zaxxer.hikari.pool.HikariPool [HikariPool-1 housekeeper] HikariPool-1 - Pool stats (total=5, active=0, idle=5, waiting=0)
2019-09-17 21:49:52,977 DEBUG com.zaxxer.hikari.pool.HikariPool [HikariPool-1 housekeeper] HikariPool-1 - Pool stats (total=5, active=0, idle=5, waiting=0)
